#
# A fatal error has been detected by the Java Runtime Environment:
#
#  EXCEPTION_ACCESS_VIOLATION (0xc0000005) at pc=0x1070d485, pid=6916, tid=0x000025fc
#
# JRE version: Java(TM) SE Runtime Environment (8.0_144-b01) (build 1.8.0_144-b01)
# Java VM: Java HotSpot(TM) Client VM (25.144-b01 mixed mode windows-x86 )
# Problematic frame:
# C  0x1070d485
#
# Failed to write core dump. Minidumps are not enabled by default on client versions of Windows
#
# If you would like to submit a bug report, please visit:
#   http://bugreport.java.com/bugreport/crash.jsp
#

---------------  T H R E A D  ---------------

Current thread (0x01eb4000):  VMThread [stack: 0x24f50000,0x25150000] [id=9724]

siginfo: ExceptionCode=0xc0000005, reading address 0x1070d485

Registers:
EAX=0x7100b510, EBX=0x7100b524, ECX=0x2bf247e8, EDX=0x1070d485
ESP=0x2514f63c, EBP=0x2514f644, ESI=0x2bf247e8, EDI=0x01e0dd98
EIP=0x1070d485, EFLAGS=0x00010206

Top of Stack: (sp=0x2514f63c)
0x2514f63c:   70d3dd54 7100b510 2514f65c 70cdd5a1
0x2514f64c:   2bf247e8 01e0dd98 7100b518 00000000
0x2514f65c:   2514f670 70d3dd78 7100b510 7100b524
0x2514f66c:   00000001 2514f688 70cdd8eb 01e0dd98
0x2514f67c:   01e09120 00000001 7100b518 2514f6ac
0x2514f68c:   70d38796 7100b518 00000000 01e09120
0x2514f69c:   7100b4f4 00000001 70e4fd01 01e09120
0x2514f6ac:   2514f6f0 70d39ab1 00000001 00000000 

Instructions: (pc=0x1070d485)
0x1070d465:   
[error occurred during error reporting (printing registers, top of stack, instructions near pc), id 0xc0000005]

Register to memory mapping:

EAX=0x7100b510 is an unknown value
EBX=0x7100b524 is an unknown value
ECX=0x2bf247e8 is pointing into metadata
EDX=0x1070d485 is an unallocated location in the heap
ESP=0x2514f63c is an unknown value
EBP=0x2514f644 is an unknown value
ESI=0x2bf247e8 is pointing into metadata
EDI=0x01e0dd98 is an unknown value


Stack: [0x24f50000,0x25150000],  sp=0x2514f63c,  free space=2045k
Native frames: (J=compiled Java code, j=interpreted, Vv=VM code, C=native code)
C  0x1070d485
V  [jvm.dll+0x3d5a1]
V  [jvm.dll+0x9dd78]
V  [jvm.dll+0x3d8eb]
V  [jvm.dll+0x98796]
V  [jvm.dll+0x99ab1]
V  [jvm.dll+0x9b860]
V  [jvm.dll+0x9bcc9]
V  [jvm.dll+0x9aa7f]
V  [jvm.dll+0xa6d22]
V  [jvm.dll+0x99683]
V  [jvm.dll+0x99bae]
V  [jvm.dll+0x99d41]
V  [jvm.dll+0x78390]
V  [jvm.dll+0x1b94dd]
V  [jvm.dll+0x1834eb]
V  [jvm.dll+0x1828f1]
V  [jvm.dll+0x182d07]
V  [jvm.dll+0x182f02]
V  [jvm.dll+0x1c2ec6]
C  [MSVCR100.dll+0x5c556]
C  [MSVCR100.dll+0x5c600]
C  [kernel32.dll+0x1336a]
C  [ntdll.dll+0x398f2]
C  [ntdll.dll+0x398c5]

VM_Operation (0x26fdd630): CollectForMetadataAllocation, mode: safepoint, requested by thread 0x26286400


---------------  P R O C E S S  ---------------

Java Threads: ( => current thread )
  0x26407400 JavaThread "SeedGenerator Thread" daemon [_thread_blocked, id=812, stack(0x2f2b0000,0x2f4b0000)]
  0x26406c00 JavaThread "SeedGenerator Thread" daemon [_thread_blocked, id=9996, stack(0x2f0b0000,0x2f2b0000)]
  0x26406800 JavaThread "TimerQueue" daemon [_thread_blocked, id=472, stack(0x2eeb0000,0x2f0b0000)]
  0x26406000 JavaThread "Thread-6" [_thread_in_native, id=8168, stack(0x2bc30000,0x2be30000)]
  0x26405c00 JavaThread "AWT-EventQueue-0" [_thread_blocked, id=9520, stack(0x2b930000,0x2bb30000)]
  0x26405400 JavaThread "Prism Font Disposer" daemon [_thread_blocked, id=6168, stack(0x2b030000,0x2b230000)]
  0x262f5400 JavaThread "Thread-5" [_thread_blocked, id=7064, stack(0x28f20000,0x29120000)]
  0x262dbc00 JavaThread "AWT-Windows" daemon [_thread_in_native, id=6252, stack(0x28ce0000,0x28ee0000)]
  0x262d5800 JavaThread "AWT-Shutdown" [_thread_blocked, id=5292, stack(0x28ae0000,0x28ce0000)]
  0x262cd800 JavaThread "Java2D Disposer" daemon [_thread_blocked, id=5704, stack(0x288e0000,0x28ae0000)]
  0x262a1800 JavaThread "Thread-3" daemon [_thread_blocked, id=4396, stack(0x285e0000,0x287e0000)]
  0x26286400 JavaThread "JavaFX Application Thread" [_thread_blocked, id=4108, stack(0x26de0000,0x26fe0000)]
  0x26284800 JavaThread "Thread-2" daemon [_thread_blocked, id=4820, stack(0x26be0000,0x26de0000)]
  0x24f4fc00 JavaThread "QuantumRenderer-0" daemon [_thread_blocked, id=1472, stack(0x26690000,0x26890000)]
  0x24f10000 JavaThread "JavaFX-Launcher" [_thread_blocked, id=8824, stack(0x26050000,0x26250000)]
  0x24de9000 JavaThread "Service Thread" daemon [_thread_blocked, id=9408, stack(0x25bd0000,0x25dd0000)]
  0x24dc9000 JavaThread "C1 CompilerThread0" daemon [_thread_blocked, id=9328, stack(0x25990000,0x25b90000)]
  0x24dc7c00 JavaThread "Attach Listener" daemon [_thread_blocked, id=5132, stack(0x25750000,0x25950000)]
  0x24dc5000 JavaThread "Signal Dispatcher" daemon [_thread_blocked, id=2084, stack(0x25550000,0x25750000)]
  0x01ec0c00 JavaThread "Finalizer" daemon [_thread_blocked, id=2844, stack(0x25350000,0x25550000)]
  0x01ebac00 JavaThread "Reference Handler" daemon [_thread_blocked, id=300, stack(0x25150000,0x25350000)]
  0x003fbc00 JavaThread "main" [_thread_blocked, id=1836, stack(0x00090000,0x00290000)]

Other Threads:
=>0x01eb4000 VMThread [stack: 0x24f50000,0x25150000] [id=9724]
  0x24dfc000 WatcherThread [stack: 0x25e10000,0x26010000] [id=5264]

VM state:at safepoint (normal execution)

VM Mutex/Monitor currently owned by a thread:  ([mutex/lock_event])
[0x003fa1b8] Threads_lock - owner thread: 0x01eb4000
[0x003fa5c8] Heap_lock - owner thread: 0x26286400

Heap:
 def new generation   total 4928K, used 4064K [0x04600000, 0x04b50000, 0x0f0a0000)
  eden space 4416K,  81% used [0x04600000, 0x04987700, 0x04a50000)
  from space 512K,  88% used [0x04ad0000, 0x04b40bf8, 0x04b50000)
  to   space 512K,   0% used [0x04a50000, 0x04a50000, 0x04ad0000)
 tenured generation   total 10944K, used 3179K [0x0f0a0000, 0x0fb50000, 0x24600000)
   the space 10944K,  29% used [0x0f0a0000, 0x0f3bac60, 0x0f3bae00, 0x0fb50000)
 Metaspace       used 11781K, capacity 12247K, committed 12288K, reserved 12672K

Card table byte_map: [0x24600000,0x24710000] byte_map_base: 0x245dd000

Polling page: 0x003e0000

CodeCache: size=32768Kb used=1320Kb max_used=1320Kb free=31447Kb
 bounds [0x024b0000, 0x02600000, 0x044b0000]
 total_blobs=830 nmethods=426 adapters=335
 compilation: enabled

Compilation events (10 events):
Event: 0.864 Thread 0x24dc9000  422             java.lang.Character::toUpperCaseEx (30 bytes)
Event: 0.864 Thread 0x24dc9000 nmethod 422 0x025f6c08 code [0x025f6d10, 0x025f6db8]
Event: 0.864 Thread 0x24dc9000  423             java.lang.CharacterDataLatin1::toUpperCaseEx (71 bytes)
Event: 0.864 Thread 0x24dc9000 nmethod 423 0x025f6e48 code [0x025f6f40, 0x025f7040]
Event: 0.867 Thread 0x24dc9000  425             sun.security.provider.SHA::implCompress (491 bytes)
Event: 0.867 Thread 0x24dc9000 nmethod 425 0x025f7148 code [0x025f7270, 0x025f76bc]
Event: 0.867 Thread 0x24dc9000  426             sun.nio.cs.SingleByte$Encoder::encode (114 bytes)
Event: 0.867 Thread 0x24dc9000 nmethod 426 0x025f7a88 code [0x025f7ba0, 0x025f7e80]
Event: 0.870 Thread 0x24dc9000  427 % !         sun.security.provider.SeedGenerator$ThreadedSeedGenerator::run @ 112 (256 bytes)
Event: 0.871 Thread 0x24dc9000 nmethod 427% 0x025f8448 code [0x025f85f0, 0x025f8f38]

GC Heap History (10 events):
Event: 0.197 GC heap after
Heap after GC invocations=1 (full 0):
 def new generation   total 4928K, used 512K [0x04600000, 0x04b50000, 0x0f0a0000)
  eden space 4416K,   0% used [0x04600000, 0x04600000, 0x04a50000)
  from space 512K, 100% used [0x04ad0000, 0x04b50000, 0x04b50000)
  to   space 512K,   0% used [0x04a50000, 0x04a50000, 0x04ad0000)
 tenured generation   total 10944K, used 180K [0x0f0a0000, 0x0fb50000, 0x24600000)
   the space 10944K,   1% used [0x0f0a0000, 0x0f0cd358, 0x0f0cd400, 0x0fb50000)
 Metaspace       used 3291K, capacity 3538K, committed 3648K, reserved 4480K
}
Event: 0.322 GC heap before
{Heap before GC invocations=1 (full 0):
 def new generation   total 4928K, used 4689K [0x04600000, 0x04b50000, 0x0f0a0000)
  eden space 4416K,  94% used [0x04600000, 0x04a14780, 0x04a50000)
  from space 512K, 100% used [0x04ad0000, 0x04b50000, 0x04b50000)
  to   space 512K,   0% used [0x04a50000, 0x04a50000, 0x04ad0000)
 tenured generation   total 10944K, used 180K [0x0f0a0000, 0x0fb50000, 0x24600000)
   the space 10944K,   1% used [0x0f0a0000, 0x0f0cd358, 0x0f0cd400, 0x0fb50000)
 Metaspace       used 5386K, capacity 5691K, committed 5760K, reserved 6528K
Event: 0.325 GC heap after
Heap after GC invocations=2 (full 0):
 def new generation   total 4928K, used 377K [0x04600000, 0x04b50000, 0x0f0a0000)
  eden space 4416K,   0% used [0x04600000, 0x04600000, 0x04a50000)
  from space 512K,  73% used [0x04a50000, 0x04aae6d0, 0x04ad0000)
  to   space 512K,   0% used [0x04ad0000, 0x04ad0000, 0x04b50000)
 tenured generation   total 10944K, used 1132K [0x0f0a0000, 0x0fb50000, 0x24600000)
   the space 10944K,  10% used [0x0f0a0000, 0x0f1bb020, 0x0f1bb200, 0x0fb50000)
 Metaspace       used 5386K, capacity 5691K, committed 5760K, reserved 6528K
}
Event: 0.419 GC heap before
{Heap before GC invocations=2 (full 0):
 def new generation   total 4928K, used 4793K [0x04600000, 0x04b50000, 0x0f0a0000)
  eden space 4416K, 100% used [0x04600000, 0x04a50000, 0x04a50000)
  from space 512K,  73% used [0x04a50000, 0x04aae6d0, 0x04ad0000)
  to   space 512K,   0% used [0x04ad0000, 0x04ad0000, 0x04b50000)
 tenured generation   total 10944K, used 1132K [0x0f0a0000, 0x0fb50000, 0x24600000)
   the space 10944K,  10% used [0x0f0a0000, 0x0f1bb020, 0x0f1bb200, 0x0fb50000)
 Metaspace       used 6330K, capacity 6654K, committed 6656K, reserved 7552K
Event: 0.422 GC heap after
Heap after GC invocations=3 (full 0):
 def new generation   total 4928K, used 512K [0x04600000, 0x04b50000, 0x0f0a0000)
  eden space 4416K,   0% used [0x04600000, 0x04600000, 0x04a50000)
  from space 512K, 100% used [0x04ad0000, 0x04b50000, 0x04b50000)
  to   space 512K,   0% used [0x04a50000, 0x04a50000, 0x04ad0000)
 tenured generation   total 10944K, used 2396K [0x0f0a0000, 0x0fb50000, 0x24600000)
   the space 10944K,  21% used [0x0f0a0000, 0x0f2f7340, 0x0f2f7400, 0x0fb50000)
 Metaspace       used 6330K, capacity 6654K, committed 6656K, reserved 7552K
}
Event: 0.598 GC heap before
{Heap before GC invocations=3 (full 0):
 def new generation   total 4928K, used 4928K [0x04600000, 0x04b50000, 0x0f0a0000)
  eden space 4416K, 100% used [0x04600000, 0x04a50000, 0x04a50000)
  from space 512K, 100% used [0x04ad0000, 0x04b50000, 0x04b50000)
  to   space 512K,   0% used [0x04a50000, 0x04a50000, 0x04ad0000)
 tenured generation   total 10944K, used 2396K [0x0f0a0000, 0x0fb50000, 0x24600000)
   the space 10944K,  21% used [0x0f0a0000, 0x0f2f7340, 0x0f2f7400, 0x0fb50000)
 Metaspace       used 7383K, capacity 7723K, committed 7808K, reserved 8576K
Event: 0.600 GC heap after
Heap after GC invocations=4 (full 0):
 def new generation   total 4928K, used 473K [0x04600000, 0x04b50000, 0x0f0a0000)
  eden space 4416K,   0% used [0x04600000, 0x04600000, 0x04a50000)
  from space 512K,  92% used [0x04a50000, 0x04ac6600, 0x04ad0000)
  to   space 512K,   0% used [0x04ad0000, 0x04ad0000, 0x04b50000)
 tenured generation   total 10944K, used 2740K [0x0f0a0000, 0x0fb50000, 0x24600000)
   the space 10944K,  25% used [0x0f0a0000, 0x0f34d0f8, 0x0f34d200, 0x0fb50000)
 Metaspace       used 7383K, capacity 7723K, committed 7808K, reserved 8576K
}
Event: 0.702 GC heap before
{Heap before GC invocations=4 (full 0):
 def new generation   total 4928K, used 4889K [0x04600000, 0x04b50000, 0x0f0a0000)
  eden space 4416K, 100% used [0x04600000, 0x04a50000, 0x04a50000)
  from space 512K,  92% used [0x04a50000, 0x04ac6600, 0x04ad0000)
  to   space 512K,   0% used [0x04ad0000, 0x04ad0000, 0x04b50000)
 tenured generation   total 10944K, used 2740K [0x0f0a0000, 0x0fb50000, 0x24600000)
   the space 10944K,  25% used [0x0f0a0000, 0x0f34d0f8, 0x0f34d200, 0x0fb50000)
 Metaspace       used 8420K, capacity 8869K, committed 8960K, reserved 9600K
Event: 0.705 GC heap after
Heap after GC invocations=5 (full 0):
 def new generation   total 4928K, used 450K [0x04600000, 0x04b50000, 0x0f0a0000)
  eden space 4416K,   0% used [0x04600000, 0x04600000, 0x04a50000)
  from space 512K,  88% used [0x04ad0000, 0x04b40bf8, 0x04b50000)
  to   space 512K,   0% used [0x04a50000, 0x04a50000, 0x04ad0000)
 tenured generation   total 10944K, used 3179K [0x0f0a0000, 0x0fb50000, 0x24600000)
   the space 10944K,  29% used [0x0f0a0000, 0x0f3bac60, 0x0f3bae00, 0x0fb50000)
 Metaspace       used 8420K, capacity 8869K, committed 8960K, reserved 9600K
}
Event: 0.926 GC heap before
{Heap before GC invocations=5 (full 0):
 def new generation   total 4928K, used 4064K [0x04600000, 0x04b50000, 0x0f0a0000)
  eden space 4416K,  81% used [0x04600000, 0x04987700, 0x04a50000)
  from space 512K,  88% used [0x04ad0000, 0x04b40bf8, 0x04b50000)
  to   space 512K,   0% used [0x04a50000, 0x04a50000, 0x04ad0000)
 tenured generation   total 10944K, used 3179K [0x0f0a0000, 0x0fb50000, 0x24600000)
   the space 10944K,  29% used [0x0f0a0000, 0x0f3bac60, 0x0f3bae00, 0x0fb50000)
 Metaspace       used 11781K, capacity 12247K, committed 12288K, reserved 12672K

Deoptimization events (0 events):
No events

Internal exceptions (10 events):
Event: 0.136 Thread 0x24f10000 Exception <a 'java/security/PrivilegedActionException'> (0x0482e6a0) thrown at [C:\workspace\8-2-build-windows-i586-cygwin\jdk8u144\9417\hotspot\src\share\vm\prims\jvm.cpp, line 1390]
Event: 0.136 Thread 0x24f10000 Exception <a 'java/security/PrivilegedActionException'> (0x0482e8a0) thrown at [C:\workspace\8-2-build-windows-i586-cygwin\jdk8u144\9417\hotspot\src\share\vm\prims\jvm.cpp, line 1390]
Event: 0.137 Thread 0x24f10000 Exception <a 'java/security/PrivilegedActionException'> (0x04832438) thrown at [C:\workspace\8-2-build-windows-i586-cygwin\jdk8u144\9417\hotspot\src\share\vm\prims\jvm.cpp, line 1390]
Event: 0.137 Thread 0x24f10000 Exception <a 'java/security/PrivilegedActionException'> (0x04832638) thrown at [C:\workspace\8-2-build-windows-i586-cygwin\jdk8u144\9417\hotspot\src\share\vm\prims\jvm.cpp, line 1390]
Event: 0.137 Thread 0x24f10000 Exception <a 'java/lang/NullPointerException'> (0x04832ba0) thrown at [C:\workspace\8-2-build-windows-i586-cygwin\jdk8u144\9417\hotspot\src\share\vm\interpreter\linkResolver.cpp, line 1197]
Event: 0.263 Thread 0x24f10000 Exception <a 'java/io/FileNotFoundException'> (0x04814798) thrown at [C:\workspace\8-2-build-windows-i586-cygwin\jdk8u144\9417\hotspot\src\share\vm\prims\jni.cpp, line 709]
Event: 0.375 Thread 0x26286400 Exception <a 'java/lang/NullPointerException'> (0x0482efc8) thrown at [C:\workspace\8-2-build-windows-i586-cygwin\jdk8u144\9417\hotspot\src\share\vm\interpreter\linkResolver.cpp, line 1197]
Event: 0.375 Thread 0x26286400 Exception <a 'java/lang/NullPointerException'> (0x0482efc8) thrown at [C:\workspace\8-2-build-windows-i586-cygwin\jdk8u144\9417\hotspot\src\share\vm\prims\jvm.cpp, line 1394]
Event: 0.750 Thread 0x26286400 Exception <a 'java/io/FileNotFoundException'> (0x047a9688) thrown at [C:\workspace\8-2-build-windows-i586-cygwin\jdk8u144\9417\hotspot\src\share\vm\prims\jni.cpp, line 709]
Event: 0.852 Thread 0x26286400 Exception <a 'java/lang/ClassCastException': javax.swing.plaf.basic.BasicScrollPaneUI$Handler cannot be cast to java.awt.event.MouseWheelListener> (0x048fbf48) thrown at [C:\workspace\8-2-build-windows-i586-cygwin\jdk8u144\9417\hotspot\src\share\vm\interp

Events (10 events):
Event: 0.926 loading class sun/nio/fs/WindowsNativeDispatcher$Account
Event: 0.926 loading class sun/nio/fs/WindowsNativeDispatcher$Account done
Event: 0.926 loading class sun/nio/fs/WindowsNativeDispatcher$AclInformation
Event: 0.926 loading class sun/nio/fs/WindowsNativeDispatcher$AclInformation done
Event: 0.926 loading class sun/nio/fs/WindowsNativeDispatcher$CompletionStatus
Event: 0.926 loading class sun/nio/fs/WindowsNativeDispatcher$CompletionStatus done
Event: 0.926 loading class sun/nio/fs/WindowsNativeDispatcher$BackupResult
Event: 0.926 loading class sun/nio/fs/WindowsNativeDispatcher$BackupResult done
Event: 0.926 loading class sun/nio/fs/NativeBuffers
Event: 0.926 Executing VM operation: CollectForMetadataAllocation


Dynamic libraries:
0x00400000 - 0x00494000 	C:\Program Files (x86)\BlueJ\BlueJ.exe
0x77650000 - 0x777d0000 	C:\Windows\SysWOW64\ntdll.dll
0x77140000 - 0x77250000 	C:\Windows\syswow64\kernel32.dll
0x75870000 - 0x758b7000 	C:\Windows\syswow64\KERNELBASE.dll
0x75c40000 - 0x75ce1000 	C:\Windows\syswow64\ADVAPI32.DLL
0x75720000 - 0x757cc000 	C:\Windows\syswow64\msvcrt.dll
0x75420000 - 0x75439000 	C:\Windows\SysWOW64\sechost.dll
0x77050000 - 0x77140000 	C:\Windows\syswow64\RPCRT4.dll
0x74ef0000 - 0x74f50000 	C:\Windows\syswow64\SspiCli.dll
0x74ee0000 - 0x74eec000 	C:\Windows\syswow64\CRYPTBASE.dll
0x769c0000 - 0x76a3b000 	C:\Windows\syswow64\COMDLG32.DLL
0x756c0000 - 0x75717000 	C:\Windows\syswow64\SHLWAPI.dll
0x74ff0000 - 0x75080000 	C:\Windows\syswow64\GDI32.dll
0x75080000 - 0x75180000 	C:\Windows\syswow64\USER32.dll
0x75d30000 - 0x75d3a000 	C:\Windows\syswow64\LPK.dll
0x759f0000 - 0x75a8d000 	C:\Windows\syswow64\USP10.dll
0x73760000 - 0x737e4000 	C:\Windows\WinSxS\x86_microsoft.windows.common-controls_6595b64144ccf1df_5.82.7601.18837_none_ec86b8d6858ec0bc\COMCTL32.dll
0x75d50000 - 0x7699c000 	C:\Windows\syswow64\SHELL32.dll
0x718d0000 - 0x718d9000 	C:\Windows\system32\VERSION.dll
0x75990000 - 0x759f0000 	C:\Windows\system32\IMM32.DLL
0x758c0000 - 0x7598d000 	C:\Windows\syswow64\MSCTF.dll
0x73bc0000 - 0x73bf2000 	C:\PROGRA~2\Sophos\SOPHOS~1\sophos_detoured.dll
0x75d40000 - 0x75d45000 	C:\Windows\syswow64\PSAPI.DLL
0x70ca0000 - 0x7106e000 	C:\Program Files (x86)\BlueJ\jdk\jre\bin\client\jvm.dll
0x74650000 - 0x74657000 	C:\Windows\system32\WSOCK32.dll
0x753d0000 - 0x75405000 	C:\Windows\syswow64\WS2_32.dll
0x75c30000 - 0x75c36000 	C:\Windows\syswow64\NSI.dll
0x710d0000 - 0x71102000 	C:\Windows\system32\WINMM.dll
0x74950000 - 0x74a0f000 	C:\Program Files (x86)\BlueJ\jdk\jre\bin\MSVCR100.dll
0x74940000 - 0x7494c000 	C:\Program Files (x86)\BlueJ\jdk\jre\bin\verify.dll
0x74910000 - 0x74931000 	C:\Program Files (x86)\BlueJ\jdk\jre\bin\java.dll
0x748f0000 - 0x74903000 	C:\Program Files (x86)\BlueJ\jdk\jre\bin\zip.dll
0x75270000 - 0x753cd000 	C:\Windows\syswow64\ole32.dll
0x75cf0000 - 0x75cfb000 	C:\Windows\syswow64\profapi.dll
0x74800000 - 0x748ee000 	C:\Program Files (x86)\BlueJ\jdk\jre\bin\msvcr120.dll
0x74780000 - 0x747f1000 	C:\Program Files (x86)\BlueJ\jdk\jre\bin\msvcp120.dll
0x74760000 - 0x7477e000 	C:\Program Files (x86)\BlueJ\jdk\jre\bin\prism_d3d.dll
0x74280000 - 0x74443000 	C:\Windows\system32\d3d9.dll
0x74750000 - 0x74756000 	C:\Windows\system32\d3d8thk.dll
0x74530000 - 0x74543000 	C:\Windows\system32\dwmapi.dll
0x745a0000 - 0x74620000 	C:\Windows\system32\uxtheme.dll
0x6d1c0000 - 0x6df78000 	C:\Windows\system32\nvd3dum.dll
0x74710000 - 0x74743000 	C:\Program Files (x86)\BlueJ\jdk\jre\bin\glass.dll
0x75180000 - 0x75211000 	C:\Windows\syswow64\OLEAUT32.dll
0x746d0000 - 0x746f5000 	C:\Windows\system32\powrprof.dll
0x75a90000 - 0x75c2d000 	C:\Windows\syswow64\SETUPAPI.dll
0x75830000 - 0x75857000 	C:\Windows\syswow64\CFGMGR32.dll
0x76ad0000 - 0x76ae2000 	C:\Windows\syswow64\DEVOBJ.dll
0x72070000 - 0x72137000 	C:\Program Files (x86)\NVIDIA Corporation\3D Vision\nvSCPAPI.dll
0x71f20000 - 0x72065000 	C:\Program Files (x86)\BlueJ\jdk\jre\bin\awt.dll
0x74260000 - 0x74271000 	C:\Program Files (x86)\BlueJ\jdk\jre\bin\javafx_font.dll
0x71b70000 - 0x71ca6000 	C:\Windows\system32\dwrite.dll
0x74f50000 - 0x74fd3000 	C:\Windows\syswow64\CLBCatQ.DLL
0x73370000 - 0x7350e000 	C:\Windows\WinSxS\x86_microsoft.windows.common-controls_6595b64144ccf1df_6.0.7601.18837_none_41e855142bd5705d\comctl32.dll
0x71a30000 - 0x71b61000 	C:\Windows\system32\WindowsCodecs.dll
0x737f0000 - 0x7383c000 	C:\Windows\system32\apphelp.dll
0x71320000 - 0x714c9000 	C:\PROGRA~2\MICROS~2\Office15\GROOVEEX.DLL
0x70a70000 - 0x70ad9000 	C:\Windows\system32\MSVCP100.dll
0x70ba0000 - 0x70bc6000 	C:\Windows\system32\ATL100.DLL
0x70490000 - 0x706d6000 	C:\Windows\system32\msi.dll
0x6dfc0000 - 0x6e83d000 	C:\PROGRA~2\MICROS~2\Office15\1033\GrooveIntlResource.dll
0x71ee0000 - 0x71f11000 	C:\Windows\system32\EhStorShell.dll
0x73570000 - 0x73665000 	C:\Windows\system32\PROPSYS.dll
0x71db0000 - 0x71e20000 	C:\Windows\system32\ntshrui.dll
0x719a0000 - 0x719b9000 	C:\Windows\system32\srvcli.dll
0x738d0000 - 0x738db000 	C:\Windows\system32\cscapi.dll
0x746a0000 - 0x746aa000 	C:\Windows\system32\slc.dll
0x74230000 - 0x74251000 	C:\Program Files (x86)\Common Files\Microsoft Shared\Ink\rtscom.dll
0x74210000 - 0x74226000 	C:\Program Files (x86)\BlueJ\jdk\jre\bin\net.dll
0x70a00000 - 0x70a3c000 	C:\Windows\system32\mswsock.dll
0x6f5e0000 - 0x6f5e6000 	C:\Windows\System32\wship6.dll
0x70bd0000 - 0x70beb000 	C:\Program Files (x86)\Common Files\Netop\WebFilterLSP32.dll
0x70a40000 - 0x70a63000 	C:\ProgramData\Sophos\Web Intelligence\swi_ifslsp.dll
0x71070000 - 0x7107b000 	C:\Program Files (x86)\Common Files\Netop\WebFilterLogger32.dll
0x709f0000 - 0x709f5000 	C:\Windows\System32\wshtcpip.dll
0x70940000 - 0x70984000 	C:\Windows\system32\DNSAPI.dll
0x709c0000 - 0x709ec000 	C:\Program Files (x86)\Netop\Vision\Plugins\WebLock\WebFilterMgr32.dll
0x70990000 - 0x709bf000 	C:\Windows\system32\XmlLite.dll
0x716a0000 - 0x716bc000 	C:\Windows\system32\IPHLPAPI.DLL
0x71690000 - 0x71697000 	C:\Windows\system32\WINNSI.DLL
0x73b50000 - 0x73b71000 	C:\Windows\system32\ntmarta.dll
0x76dc0000 - 0x76e05000 	C:\Windows\syswow64\WLDAP32.dll
0x6f560000 - 0x6f566000 	C:\Windows\system32\rasadhlp.dll
0x6f570000 - 0x6f5a8000 	C:\Windows\System32\fwpuclnt.dll
0x73990000 - 0x739a7000 	C:\Windows\system32\CRYPTSP.dll
0x73950000 - 0x7398b000 	C:\Windows\system32\rsaenh.dll
0x73940000 - 0x7394e000 	C:\Windows\system32\RpcRtRemote.dll
0x71ea0000 - 0x71ed9000 	C:\Program Files (x86)\BlueJ\jdk\jre\bin\fontmanager.dll
0x71800000 - 0x718c8000 	C:\Windows\system32\opengl32.dll
0x71e70000 - 0x71e92000 	C:\Windows\system32\GLU32.dll
0x71710000 - 0x717f7000 	C:\Windows\system32\DDRAW.dll
0x73670000 - 0x73676000 	C:\Windows\system32\DCIMAN32.dll
0x73f10000 - 0x73f1f000 	C:\Program Files (x86)\BlueJ\jdk\jre\bin\nio.dll
0x71e30000 - 0x71e62000 	C:\Program Files (x86)\BlueJ\jdk\jre\bin\t2k.dll
0x76af0000 - 0x76b07000 	C:\Windows\syswow64\USERENV.dll
0x70910000 - 0x7091d000 	C:\Windows\system32\dhcpcsvc6.DLL
0x70920000 - 0x70932000 	C:\Windows\system32\dhcpcsvc.DLL
0x6f820000 - 0x6f90b000 	C:\Windows\system32\dbghelp.dll

VM Arguments:
jvm_args: -Xmx512M -Djavafx.embed.singleThread=true 
java_command: <unknown>
java_class_path (initial): C:\Program Files (x86)\BlueJ\lib\bluej.jar;C:\Program Files (x86)\BlueJ\jdk\lib\tools.jar
Launcher Type: generic

Environment Variables:
PATH=C:\Python27\;C:\Python27\Scripts;C:\Program Files (x86)\Common Files\Oracle\Java\javapath;C:\ProgramData\Oracle\Java\javapath;C:\Windows\system32;C:\Windows;C:\Windows\System32\Wbem;C:\Windows\System32\WindowsPowerShell\v1.0\;C:\Program Files (x86)\Common Files\Netop\;C:\Program Files (x86)\Netop\Vision\XL\;C:\Program Files\Git\cmd;C:\Program Files (x86)\QuickTime\QTSystem\;C:\Program Files (x86)\NVIDIA Corporation\PhysX\Common;C:\Program Files\dotnet\;C:\ProgramData\chocolatey\bin;C:\Program Files\nodejs\;C:\Users\zGranger\AppData\Local\GitHubDesktop\bin
USERNAME=zgranger
OS=Windows_NT
PROCESSOR_IDENTIFIER=AMD64 Family 21 Model 2 Stepping 0, AuthenticAMD



---------------  S Y S T E M  ---------------

OS: Windows 7 , 64 bit Build 7601 (6.1.7601.23915)

CPU:total 8 (initial active 8) (8 cores per cpu, 1 threads per core) family 21 model 2 stepping 0, cmov, cx8, fxsr, mmx, sse, sse2, sse3, ssse3, sse4.1, sse4.2, popcnt, avx, aes, clmul, mmxext, 3dnowpref, lzcnt, sse4a, tsc, tscinvbit, tscinv, bmi1

Memory: 4k page, physical 16737016k(12518696k free), swap 17759156k(12942568k free)

vm_info: Java HotSpot(TM) Client VM (25.144-b01) for windows-x86 JRE (1.8.0_144-b01), built on Jul 21 2017 21:58:05 by "java_re" with MS VC++ 10.0 (VS2010)

time: Wed Dec 12 10:10:13 2018
elapsed time: 0 seconds (0d 0h 0m 0s)

