#
# A fatal error has been detected by the Java Runtime Environment:
#
#  EXCEPTION_ACCESS_VIOLATION (0xc0000005) at pc=0x64815e04, pid=1516, tid=0x000002e4
#
# JRE version: Java(TM) SE Runtime Environment (8.0_144-b01) (build 1.8.0_144-b01)
# Java VM: Java HotSpot(TM) Client VM (25.144-b01 mixed mode windows-x86 )
# Problematic frame:
# V  [jvm.dll+0x95e04]
#
# Failed to write core dump. Minidumps are not enabled by default on client versions of Windows
#
# If you would like to submit a bug report, please visit:
#   http://bugreport.java.com/bugreport/crash.jsp
#

---------------  T H R E A D  ---------------

Current thread (0x00de4800):  VMThread [stack: 0x01180000,0x011d0000] [id=740]

siginfo: ExceptionCode=0xc0000005, reading address 0x00000004

Registers:
EAX=0x00000004, EBX=0x00000006, ECX=0x148b1dd8, EDX=0x09d7235c
ESP=0x011cefc8, EBP=0x011cefd8, ESI=0x00d396f8, EDI=0x04b592c0
EIP=0x64815e04, EFLAGS=0x00010202

Top of Stack: (sp=0x011cefc8)
0x011cefc8:   011cf0f4 09d720b4 00000104 00d396f8
0x011cefd8:   011ceff0 64851fad 04b592c0 09d73be0
0x011cefe8:   09d71f50 011cf0f4 011cf010 648259ff
0x011ceff8:   09d7235c 011cf0f4 00cfd778 011cf0f4
0x011cf008:   00d39578 00d3edc8 011cf024 6481ad81
0x011cf018:   011cf0f4 00d395cc 00000001 011cf03c
0x011cf028:   64818a17 011cf0f4 00d39578 011cf134
0x011cf038:   00000000 011cf258 64814a57 00000000 

Instructions: (pc=0x64815e04)
0x64815de4:   eb 02 c1 ea 02 23 da eb 0a 8b 01 8b 50 74 57 ff
0x64815df4:   d2 8b d8 8b 07 f6 d0 a8 01 8b 07 74 05 83 e0 fd
0x64815e04:   8b 00 c1 e8 03 83 e0 0f 3b 86 8c 00 00 00 73 15
0x64815e14:   8b 8e c8 01 00 00 53 e8 c0 fc 00 00 8b f0 85 f6 


Register to memory mapping:

EAX=0x00000004 is an unknown value
EBX=0x00000006 is an unknown value
ECX=0x148b1dd8 is pointing into metadata
EDX=0x09d7235c is pointing into object: 0x09d71f50
[Ljava.util.HashMap$Node; 
 - klass: 'java/util/HashMap$Node'[]
 - length: 256
ESP=0x011cefc8 is an unknown value
EBP=0x011cefd8 is an unknown value
ESI=0x00d396f8 is an unknown value
EDI=0x04b592c0 is an oop
java.util.HashMap$Node 
 - klass: 'java/util/HashMap$Node'


Stack: [0x01180000,0x011d0000],  sp=0x011cefc8,  free space=315k
Native frames: (J=compiled Java code, j=interpreted, Vv=VM code, C=native code)
V  [jvm.dll+0x95e04]
V  [jvm.dll+0xd1fad]
V  [jvm.dll+0xa59ff]
V  [jvm.dll+0x9ad81]
V  [jvm.dll+0x98a17]
V  [jvm.dll+0x94a57]
V  [jvm.dll+0x99683]
V  [jvm.dll+0x936b5]
V  [jvm.dll+0x1b9146]
V  [jvm.dll+0x1834eb]
V  [jvm.dll+0x1828f1]
V  [jvm.dll+0x182d07]
V  [jvm.dll+0x182f02]
V  [jvm.dll+0x1c2ec6]
C  [msvcr100.dll+0x5c556]
C  [msvcr100.dll+0x5c600]
C  [kernel32.dll+0x1336a]
C  [ntdll.dll+0x398f2]
C  [ntdll.dll+0x398c5]

VM_Operation (0x15f5e648): GenCollectForAllocation, mode: safepoint, requested by thread 0x156ad800


---------------  P R O C E S S  ---------------

Java Threads: ( => current thread )
  0x157d4400 JavaThread "D3D Screen Updater" daemon [_thread_blocked, id=6956, stack(0x18b90000,0x18be0000)]
  0x157c3c00 JavaThread "AWT-EventQueue-0" [_thread_in_native, id=5076, stack(0x161f0000,0x16240000)]
  0x15777800 JavaThread "AWT-Shutdown" [_thread_blocked, id=4964, stack(0x15ec0000,0x15f10000)]
  0x156ad800 JavaThread "main" [_thread_blocked, id=8720, stack(0x15f10000,0x15f60000)]
  0x00cfc800 JavaThread "DestroyJavaVM" [_thread_blocked, id=8056, stack(0x00760000,0x007b0000)]
  0x156b5c00 JavaThread "BlueJ worker thread" [_thread_blocked, id=8652, stack(0x15f90000,0x15fe0000)]
  0x156a2400 JavaThread "AWT-Windows" daemon [_thread_blocked, id=7544, stack(0x15bb0000,0x15c00000)]
  0x1569f000 JavaThread "Java2D Disposer" daemon [_thread_blocked, id=1752, stack(0x14c60000,0x14cb0000)]
  0x14efb800 JavaThread "Service Thread" daemon [_thread_blocked, id=6460, stack(0x15580000,0x155d0000)]
  0x00dfe000 JavaThread "C1 CompilerThread0" daemon [_thread_blocked, id=1036, stack(0x154f0000,0x15540000)]
  0x14ecc000 JavaThread "JDWP Command Reader" daemon [_thread_in_native, id=6288, stack(0x153f0000,0x15440000)]
  0x00dfc400 JavaThread "JDWP Event Helper Thread" daemon [_thread_blocked, id=6132, stack(0x151d0000,0x15220000)]
  0x14ecb000 JavaThread "JDWP Transport Listener: dt_shmem" daemon [_thread_blocked, id=7576, stack(0x15170000,0x151c0000)]
  0x14ebdc00 JavaThread "Attach Listener" daemon [_thread_blocked, id=7100, stack(0x04760000,0x047b0000)]
  0x14ebb000 JavaThread "Signal Dispatcher" daemon [_thread_blocked, id=2332, stack(0x011d0000,0x01220000)]
  0x00df1c00 JavaThread "Finalizer" daemon [_thread_blocked, id=8324, stack(0x14dc0000,0x14e10000)]
  0x00deb400 JavaThread "Reference Handler" daemon [_thread_blocked, id=604, stack(0x14cc0000,0x14d10000)]

Other Threads:
=>0x00de4800 VMThread [stack: 0x01180000,0x011d0000] [id=740]
  0x14f10000 WatcherThread [stack: 0x15260000,0x152b0000] [id=6944]

VM state:at safepoint (normal execution)

VM Mutex/Monitor currently owned by a thread:  ([mutex/lock_event])
[0x00cfaaf8] Threads_lock - owner thread: 0x00de4800
[0x00cfaf08] Heap_lock - owner thread: 0x156ad800

Heap:
 def new generation   total 4928K, used 4416K [0x04800000, 0x04d50000, 0x09d50000)
  eden space 4416K, 100% used [0x04800000, 0x04c50000, 0x04c50000)
  from space 512K,   0% used [0x04c50000, 0x04c50000, 0x04cd0000)
  to   space 512K, 100% used [0x04cd0000, 0x04d50000, 0x04d50000)
 tenured generation   total 10944K, used 254K [0x09d50000, 0x0a800000, 0x14800000)
   the space 10944K,   2% used [0x09d50000, 0x09d8f878, 0x09d8fa00, 0x0a800000)
 Metaspace       used 5507K, capacity 5679K, committed 5760K, reserved 6528K

Card table byte_map: [0x00c50000,0x00ce0000] byte_map_base: 0x00c2c000

Polling page: 0x00200000

CodeCache: size=32768Kb used=858Kb max_used=858Kb free=31909Kb
 bounds [0x02690000, 0x02768000, 0x04690000]
 total_blobs=333 nmethods=135 adapters=137
 compilation: enabled

Compilation events (10 events):
Event: 145.152 Thread 0x00dfe000  131             java.util.StringTokenizer::scanToken (179 bytes)
Event: 145.153 Thread 0x00dfe000 nmethod 131 0x02763ec8 code [0x02764050, 0x02764478]
Event: 145.153 Thread 0x00dfe000  132             java.util.HashMap::getNode (148 bytes)
Event: 145.154 Thread 0x00dfe000 nmethod 132 0x02764a08 code [0x02764b40, 0x02764d94]
Event: 145.163 Thread 0x00dfe000  133             java.lang.ref.Reference::<init> (25 bytes)
Event: 145.163 Thread 0x00dfe000 nmethod 133 0x02765e48 code [0x02765f40, 0x02765ff0]
Event: 145.172 Thread 0x00dfe000  134             java.lang.Class::getName (21 bytes)
Event: 145.172 Thread 0x00dfe000 nmethod 134 0x02766048 code [0x02766140, 0x027661fc]
Event: 145.175 Thread 0x00dfe000  135             java.util.concurrent.ConcurrentHashMap::spread (10 bytes)
Event: 145.175 Thread 0x00dfe000 nmethod 135 0x027664c8 code [0x027665c0, 0x02766640]

GC Heap History (1 events):
Event: 145.178 GC heap before
{Heap before GC invocations=0 (full 0):
 def new generation   total 4928K, used 4416K [0x04800000, 0x04d50000, 0x09d50000)
  eden space 4416K, 100% used [0x04800000, 0x04c50000, 0x04c50000)
  from space 512K,   0% used [0x04c50000, 0x04c50000, 0x04cd0000)
  to   space 512K,   0% used [0x04cd0000, 0x04cd0000, 0x04d50000)
 tenured generation   total 10944K, used 0K [0x09d50000, 0x0a800000, 0x14800000)
   the space 10944K,   0% used [0x09d50000, 0x09d50000, 0x09d50200, 0x0a800000)
 Metaspace       used 5507K, capacity 5679K, committed 5760K, reserved 6528K

Deoptimization events (0 events):
No events

Internal exceptions (10 events):
Event: 0.028 Thread 0x00cfc800 Exception <a 'java/lang/NoSuchMethodError': Method sun.misc.Unsafe.defineClass(Ljava/lang/String;[BII)Ljava/lang/Class; name or signature does not match> (0x04806e98) thrown at [C:\workspace\8-2-build-windows-i586-cygwin\jdk8u144\9417\hotspot\src\share\vm
Event: 0.028 Thread 0x00cfc800 Exception <a 'java/lang/NoSuchMethodError': Method sun.misc.Unsafe.prefetchRead(Ljava/lang/Object;J)V name or signature does not match> (0x04807168) thrown at [C:\workspace\8-2-build-windows-i586-cygwin\jdk8u144\9417\hotspot\src\share\vm\prims\jni.cpp, li
Event: 0.471 Thread 0x00cfc800 Exception <a 'java/security/PrivilegedActionException'> (0x048e8ed8) thrown at [C:\workspace\8-2-build-windows-i586-cygwin\jdk8u144\9417\hotspot\src\share\vm\prims\jvm.cpp, line 1390]
Event: 0.471 Thread 0x00cfc800 Exception <a 'java/security/PrivilegedActionException'> (0x048e90d8) thrown at [C:\workspace\8-2-build-windows-i586-cygwin\jdk8u144\9417\hotspot\src\share\vm\prims\jvm.cpp, line 1390]
Event: 0.472 Thread 0x00cfc800 Exception <a 'java/security/PrivilegedActionException'> (0x048ecc70) thrown at [C:\workspace\8-2-build-windows-i586-cygwin\jdk8u144\9417\hotspot\src\share\vm\prims\jvm.cpp, line 1390]
Event: 0.472 Thread 0x00cfc800 Exception <a 'java/security/PrivilegedActionException'> (0x048ece70) thrown at [C:\workspace\8-2-build-windows-i586-cygwin\jdk8u144\9417\hotspot\src\share\vm\prims\jvm.cpp, line 1390]
Event: 0.474 Thread 0x00cfc800 Exception <a 'java/io/FileNotFoundException'> (0x048eeea8) thrown at [C:\workspace\8-2-build-windows-i586-cygwin\jdk8u144\9417\hotspot\src\share\vm\prims\jni.cpp, line 709]
Event: 0.505 Thread 0x00cfc800 Exception <a 'java/lang/NoSuchFieldError': method resolution failed> (0x049a9660) thrown at [C:\workspace\8-2-build-windows-i586-cygwin\jdk8u144\9417\hotspot\src\share\vm\prims\methodHandles.cpp, line 1146]
Event: 0.507 Thread 0x00cfc800 Exception <a 'java/lang/NoSuchFieldError': method resolution failed> (0x049b5838) thrown at [C:\workspace\8-2-build-windows-i586-cygwin\jdk8u144\9417\hotspot\src\share\vm\prims\methodHandles.cpp, line 1146]
Event: 145.059 Thread 0x156ad800 Exception <a 'java/io/FileNotFoundException'> (0x04b458c0) thrown at [C:\workspace\8-2-build-windows-i586-cygwin\jdk8u144\9417\hotspot\src\share\vm\prims\jni.cpp, line 709]

Events (10 events):
Event: 145.176 loading class sun/awt/image/BufferedImageGraphicsConfig done
Event: 145.176 loading class sun/print/PrinterGraphicsConfig
Event: 145.177 loading class sun/print/PrinterGraphicsConfig done
Event: 145.177 loading class sun/java2d/d3d/D3DVolatileSurfaceManager
Event: 145.177 loading class sun/java2d/d3d/D3DVolatileSurfaceManager done
Event: 145.177 Executing VM operation: RevokeBias
Event: 145.177 Executing VM operation: RevokeBias done
Event: 145.177 loading class javax/sound/sampled/UnsupportedAudioFileException
Event: 145.177 loading class javax/sound/sampled/UnsupportedAudioFileException done
Event: 145.178 Executing VM operation: GenCollectForAllocation


Dynamic libraries:
0x01250000 - 0x01283000 	C:\Program Files (x86)\BlueJ\jdk\jre\bin\java.exe
0x77070000 - 0x771f0000 	C:\Windows\SysWOW64\ntdll.dll
0x76630000 - 0x76740000 	C:\Windows\syswow64\kernel32.dll
0x76af0000 - 0x76b37000 	C:\Windows\syswow64\KERNELBASE.dll
0x76090000 - 0x76131000 	C:\Windows\syswow64\ADVAPI32.dll
0x76170000 - 0x7621c000 	C:\Windows\syswow64\msvcrt.dll
0x75bf0000 - 0x75c09000 	C:\Windows\SysWOW64\sechost.dll
0x75ec0000 - 0x75fb0000 	C:\Windows\syswow64\RPCRT4.dll
0x74910000 - 0x74970000 	C:\Windows\syswow64\SspiCli.dll
0x74900000 - 0x7490c000 	C:\Windows\syswow64\CRYPTBASE.dll
0x769f0000 - 0x76af0000 	C:\Windows\syswow64\USER32.dll
0x75af0000 - 0x75b80000 	C:\Windows\syswow64\GDI32.dll
0x75fe0000 - 0x75fea000 	C:\Windows\syswow64\LPK.dll
0x75650000 - 0x756ed000 	C:\Windows\syswow64\USP10.dll
0x72d90000 - 0x72f2e000 	C:\Windows\WinSxS\x86_microsoft.windows.common-controls_6595b64144ccf1df_6.0.7601.18837_none_41e855142bd5705d\COMCTL32.dll
0x75e00000 - 0x75e57000 	C:\Windows\syswow64\SHLWAPI.dll
0x75b90000 - 0x75bf0000 	C:\Windows\system32\IMM32.DLL
0x757f0000 - 0x758bd000 	C:\Windows\syswow64\MSCTF.dll
0x735e0000 - 0x73612000 	C:\PROGRA~2\Sophos\SOPHOS~1\sophos_detoured.dll
0x77040000 - 0x77045000 	C:\Windows\syswow64\PSAPI.DLL
0x646c0000 - 0x6477f000 	C:\Program Files (x86)\BlueJ\jdk\jre\bin\msvcr100.dll
0x64780000 - 0x64b4e000 	C:\Program Files (x86)\BlueJ\jdk\jre\bin\client\jvm.dll
0x74070000 - 0x74077000 	C:\Windows\system32\WSOCK32.dll
0x757b0000 - 0x757e5000 	C:\Windows\syswow64\WS2_32.dll
0x76260000 - 0x76266000 	C:\Windows\syswow64\NSI.dll
0x70ae0000 - 0x70b12000 	C:\Windows\system32\WINMM.dll
0x72680000 - 0x72689000 	C:\Windows\system32\VERSION.dll
0x73260000 - 0x7326c000 	C:\Program Files (x86)\BlueJ\jdk\jre\bin\verify.dll
0x6ed10000 - 0x6ed31000 	C:\Program Files (x86)\BlueJ\jdk\jre\bin\java.dll
0x650c0000 - 0x650ea000 	C:\Program Files (x86)\BlueJ\jdk\jre\bin\jdwp.dll
0x6f110000 - 0x6f117000 	C:\Program Files (x86)\BlueJ\jdk\jre\bin\npt.dll
0x6f0b0000 - 0x6f0c3000 	C:\Program Files (x86)\BlueJ\jdk\jre\bin\zip.dll
0x74a00000 - 0x7564c000 	C:\Windows\syswow64\SHELL32.dll
0x75c10000 - 0x75d6d000 	C:\Windows\syswow64\ole32.dll
0x76240000 - 0x7624b000 	C:\Windows\syswow64\profapi.dll
0x64fd0000 - 0x64fd9000 	C:\Program Files (x86)\BlueJ\jdk\jre\bin\dt_shmem.dll
0x64400000 - 0x64545000 	C:\Program Files (x86)\BlueJ\jdk\jre\bin\awt.dll
0x75ff0000 - 0x76081000 	C:\Windows\syswow64\OLEAUT32.dll
0x73fc0000 - 0x74040000 	C:\Windows\system32\uxtheme.dll
0x73290000 - 0x732e8000 	C:\Program Files (x86)\Common Files\microsoft shared\ink\tiptsf.dll
0x73f80000 - 0x73f93000 	C:\Windows\system32\dwmapi.dll
0x63250000 - 0x63318000 	C:\Windows\system32\opengl32.dll
0x64350000 - 0x64372000 	C:\Windows\system32\GLU32.dll
0x63160000 - 0x63247000 	C:\Windows\system32\DDRAW.dll
0x6eeb0000 - 0x6eeb6000 	C:\Windows\system32\DCIMAN32.dll
0x75950000 - 0x75aed000 	C:\Windows\syswow64\SETUPAPI.dll
0x75fb0000 - 0x75fd7000 	C:\Windows\syswow64\CFGMGR32.dll
0x76150000 - 0x76162000 	C:\Windows\syswow64\DEVOBJ.dll
0x67b90000 - 0x67d53000 	C:\Windows\system32\d3d9.dll
0x71510000 - 0x71516000 	C:\Windows\system32\d3d8thk.dll
0x66dd0000 - 0x67b88000 	C:\Windows\system32\nvd3dum.dll
0x70100000 - 0x70125000 	C:\Windows\system32\powrprof.dll
0x65290000 - 0x65357000 	C:\Program Files (x86)\NVIDIA Corporation\3D Vision\nvSCPAPI.dll
0x64380000 - 0x643b9000 	C:\Program Files (x86)\BlueJ\jdk\jre\bin\fontmanager.dll
0x75d70000 - 0x75df3000 	C:\Windows\syswow64\CLBCatQ.DLL
0x6e8a0000 - 0x6e8dc000 	C:\Windows\system32\oleacc.dll
0x6f240000 - 0x6f32b000 	C:\Windows\system32\dbghelp.dll

VM Arguments:
jvm_args: -ea -agentlib:jdwp=transport=dt_shmem,address=javadebug -Dfile.encoding=UTF-8 
java_command: bluej.runtime.ExecServer UTF-8
java_class_path (initial): C:\Program Files (x86)\BlueJ\lib\bluejcore.jar;C:\Program Files (x86)\BlueJ\lib\junit-4.11.jar;C:\Program Files (x86)\BlueJ\lib\hamcrest-core-1.3.jar;C:\Program Files (x86)\BlueJ\lib\lang-stride.jar;C:\Program Files (x86)\BlueJ\lib\userlib\pi4j-core.jar;C:\Program Files (x86)\BlueJ\lib\userlib\pi4j-device.jar;C:\Program Files (x86)\BlueJ\lib\userlib\pi4j-gpio-extension.jar;C:\Program Files (x86)\BlueJ\lib\userlib\pi4j-service.jar;H:\Porjects\Project 2 - Ball World\+libs\TGLib.jar
Launcher Type: SUN_STANDARD

Environment Variables:
PATH=C:\Python27\;C:\Python27\Scripts;C:\Program Files (x86)\Common Files\Oracle\Java\javapath;C:\ProgramData\Oracle\Java\javapath;C:\Windows\system32;C:\Windows;C:\Windows\System32\Wbem;C:\Windows\System32\WindowsPowerShell\v1.0\;C:\Program Files (x86)\Common Files\Netop\;C:\Program Files (x86)\Netop\Vision\XL\;C:\Program Files\Git\cmd;C:\Program Files (x86)\QuickTime\QTSystem\;C:\Program Files (x86)\NVIDIA Corporation\PhysX\Common;C:\Program Files\dotnet\;C:\ProgramData\chocolatey\bin;C:\Program Files\nodejs\;C:\Users\zGranger\AppData\Local\GitHubDesktop\bin
USERNAME=zgranger
OS=Windows_NT
PROCESSOR_IDENTIFIER=AMD64 Family 21 Model 2 Stepping 0, AuthenticAMD



---------------  S Y S T E M  ---------------

OS: Windows 7 , 64 bit Build 7601 (6.1.7601.23915)

CPU:total 8 (initial active 8) (8 cores per cpu, 1 threads per core) family 21 model 2 stepping 0, cmov, cx8, fxsr, mmx, sse, sse2, sse3, ssse3, sse4.1, sse4.2, popcnt, avx, aes, clmul, mmxext, 3dnowpref, lzcnt, sse4a, tsc, tscinvbit, tscinv, bmi1

Memory: 4k page, physical 16737016k(13889360k free), swap 17759156k(14629280k free)

vm_info: Java HotSpot(TM) Client VM (25.144-b01) for windows-x86 JRE (1.8.0_144-b01), built on Jul 21 2017 21:58:05 by "java_re" with MS VC++ 10.0 (VS2010)

time: Mon Oct 01 09:24:22 2018
elapsed time: 145 seconds (0d 0h 2m 25s)

